Flutter crash report.
Please report a bug at https://github.com/flutter/flutter/issues.

## command

flutter run

## exception

WipError: WipError -32000 Target crashed

```
```

## flutter doctor

```
[✓] Flutter (Channel stable, 3.0.5, on Ubuntu 22.04.1 LTS 5.15.0-46-generic, locale en_US.UTF-8)
    • Flutter version 3.0.5 at /home/yilmazm/snap/flutter/common/flutter
    • Upstream repository https://github.com/flutter/flutter.git
    • Framework revision f1875d570e (7 weeks ago), 2022-07-13 11:24:16 -0700
    • Engine revision e85ea0e79c
    • Dart version 2.17.6
    • DevTools version 2.12.2

[✗] Android toolchain - develop for Android devices
    ✗ Unable to locate Android SDK.
      Install Android Studio from: https://developer.android.com/studio/index.html
      On first launch it will assist you in installing the Android SDK components.
      (or visit https://flutter.dev/docs/get-started/install/linux#android-setup for detailed instructions).
      If the Android SDK has been installed to a custom location, please use
      `flutter config --android-sdk` to update to that location.


[✓] Chrome - develop for the web
    • Chrome at google-chrome

[✓] Linux toolchain - develop for Linux desktop
    • clang version 6.0.0-1ubuntu2 (tags/RELEASE_600/final)
    • cmake version 3.10.2
    • ninja version 1.8.2
    • pkg-config version 0.29.1

[!] Android Studio (not installed)
    • Android Studio not found; download from https://developer.android.com/studio/index.html
      (or visit https://flutter.dev/docs/get-started/install/linux#android-setup for detailed instructions).

[✓] IntelliJ IDEA Ultimate Edition (version 2022.2)
    • IntelliJ at /snap/intellij-idea-ultimate/380
    • Flutter plugin can be installed from:
      🔨 https://plugins.jetbrains.com/plugin/9212-flutter
    • Dart plugin can be installed from:
      🔨 https://plugins.jetbrains.com/plugin/6351-dart

[✓] VS Code
    • VS Code at /snap/code/current
    • Flutter extension version 3.46.0

[✓] Connected device (2 available)
    • Linux (desktop) • linux  • linux-x64      • Ubuntu 22.04.1 LTS 5.15.0-46-generic
    • Chrome (web)    • chrome • web-javascript • Google Chrome 104.0.5112.101

[✓] HTTP Host Availability
    • All required HTTP hosts are available

! Doctor found issues in 2 categories.
```
